mode: set
github.com/cfabrica46/gokit-calculator/service/service.go:17.28,19.2 1 1
github.com/cfabrica46/gokit-calculator/service/service.go:22.59,24.16 2 1
github.com/cfabrica46/gokit-calculator/service/service.go:28.2,29.16 2 1
github.com/cfabrica46/gokit-calculator/service/service.go:33.2,35.8 2 1
github.com/cfabrica46/gokit-calculator/service/service.go:24.16,26.3 1 1
github.com/cfabrica46/gokit-calculator/service/service.go:29.16,31.3 1 1
github.com/cfabrica46/gokit-calculator/service/service.go:39.64,43.16 3 1
github.com/cfabrica46/gokit-calculator/service/service.go:47.2,48.16 2 1
github.com/cfabrica46/gokit-calculator/service/service.go:52.2,54.8 2 1
github.com/cfabrica46/gokit-calculator/service/service.go:43.16,45.3 1 1
github.com/cfabrica46/gokit-calculator/service/service.go:48.16,50.3 1 1
github.com/cfabrica46/gokit-calculator/service/transport.go:10.88,13.64 2 1
github.com/cfabrica46/gokit-calculator/service/transport.go:17.2,19.8 2 1
github.com/cfabrica46/gokit-calculator/service/transport.go:13.64,15.3 1 1
github.com/cfabrica46/gokit-calculator/service/transport.go:23.93,26.64 2 1
github.com/cfabrica46/gokit-calculator/service/transport.go:30.2,32.8 2 1
github.com/cfabrica46/gokit-calculator/service/transport.go:26.64,28.3 1 1
github.com/cfabrica46/gokit-calculator/service/transport.go:36.97,37.59 1 1
github.com/cfabrica46/gokit-calculator/service/transport.go:41.2,41.8 1 1
github.com/cfabrica46/gokit-calculator/service/transport.go:37.59,39.3 1 1
github.com/cfabrica46/gokit-calculator/service/endpoints.go:10.62,11.75 1 1
github.com/cfabrica46/gokit-calculator/service/endpoints.go:11.75,17.17 4 1
github.com/cfabrica46/gokit-calculator/service/endpoints.go:21.3,21.59 1 1
github.com/cfabrica46/gokit-calculator/service/endpoints.go:17.17,19.4 1 1
github.com/cfabrica46/gokit-calculator/service/endpoints.go:26.67,27.75 1 1
github.com/cfabrica46/gokit-calculator/service/endpoints.go:27.75,33.17 4 1
github.com/cfabrica46/gokit-calculator/service/endpoints.go:37.3,37.64 1 1
github.com/cfabrica46/gokit-calculator/service/endpoints.go:33.17,35.4 1 1
