mode: set
github.com/cfabrica46/gokit-calculator/service/service.go:18.28,20.2 1 1
github.com/cfabrica46/gokit-calculator/service/service.go:23.75,25.16 2 1
github.com/cfabrica46/gokit-calculator/service/service.go:29.2,30.16 2 1
github.com/cfabrica46/gokit-calculator/service/service.go:34.2,34.40 1 1
github.com/cfabrica46/gokit-calculator/service/service.go:25.16,27.3 1 1
github.com/cfabrica46/gokit-calculator/service/service.go:30.16,32.3 1 1
github.com/cfabrica46/gokit-calculator/service/state.go:12.29,14.2 1 1
github.com/cfabrica46/gokit-calculator/service/state.go:16.43,18.2 1 1
github.com/cfabrica46/gokit-calculator/service/state.go:20.39,22.2 1 1
github.com/cfabrica46/gokit-calculator/service/state.go:24.48,26.2 1 1
github.com/cfabrica46/gokit-calculator/service/transport.go:11.85,13.64 2 1
github.com/cfabrica46/gokit-calculator/service/transport.go:17.2,17.21 1 1
github.com/cfabrica46/gokit-calculator/service/transport.go:13.64,15.3 1 1
github.com/cfabrica46/gokit-calculator/service/transport.go:21.91,23.16 2 1
github.com/cfabrica46/gokit-calculator/service/transport.go:27.2,27.12 1 1
github.com/cfabrica46/gokit-calculator/service/transport.go:23.16,25.3 1 1
github.com/cfabrica46/gokit-calculator/service/endpoints.go:10.78,11.75 1 1
github.com/cfabrica46/gokit-calculator/service/endpoints.go:11.75,17.17 4 1
github.com/cfabrica46/gokit-calculator/service/endpoints.go:21.3,21.56 1 1
github.com/cfabrica46/gokit-calculator/service/endpoints.go:17.17,19.4 1 1
